<?xml version="1.0" encoding="UTF-8"?>
<!-- Generated by org.testng.reporters.JUnitReportReporter -->
<testsuite hostname="INBLRSE2701414" name="com.nttdata.test.NewTest" tests="1" failures="0" timestamp="10 May 2017 09:36:44 GMT" time="4.558" errors="0">
  <testcase name="AddBook" time="4.558" classname="com.nttdata.test.NewTest"/>
</testsuite> <!-- com.nttdata.test.NewTest -->
